09-Aug-2025 09:27:10.483 INFO [main] org.apache.catalina.startup.VersionLoggerListener.log Server version name:   Apache Tomcat/10.1.43
09-Aug-2025 09:27:10.486 INFO [main] org.apache.catalina.startup.VersionLoggerListener.log Server built:          Jul 1 2025 21:30:20 UTC
09-Aug-2025 09:27:10.486 INFO [main] org.apache.catalina.startup.VersionLoggerListener.log Server version number: 10.1.43.0
09-Aug-2025 09:27:10.486 INFO [main] org.apache.catalina.startup.VersionLoggerListener.log OS Name:               Linux
09-Aug-2025 09:27:10.486 INFO [main] org.apache.catalina.startup.VersionLoggerListener.log OS Version:            6.12.33+kali-amd64
09-Aug-2025 09:27:10.486 INFO [main] org.apache.catalina.startup.VersionLoggerListener.log Architecture:          amd64
09-Aug-2025 09:27:10.487 INFO [main] org.apache.catalina.startup.VersionLoggerListener.log Java Home:             /usr/lib/jvm/java-21-openjdk-amd64
09-Aug-2025 09:27:10.487 INFO [main] org.apache.catalina.startup.VersionLoggerListener.log JVM Version:           21.0.7+6-Debian-1
09-Aug-2025 09:27:10.487 INFO [main] org.apache.catalina.startup.VersionLoggerListener.log JVM Vendor:            Debian
09-Aug-2025 09:27:10.487 INFO [main] org.apache.catalina.startup.VersionLoggerListener.log CATALINA_BASE:         /home/spectrum/opt/tomcat10
09-Aug-2025 09:27:10.487 INFO [main] org.apache.catalina.startup.VersionLoggerListener.log CATALINA_HOME:         /home/spectrum/opt/tomcat10
09-Aug-2025 09:27:10.493 INFO [main] org.apache.catalina.startup.VersionLoggerListener.log Command line argument: -Djava.util.logging.config.file=/home/spectrum/opt/tomcat10/conf/logging.properties
09-Aug-2025 09:27:10.493 INFO [main] org.apache.catalina.startup.VersionLoggerListener.log Command line argument: -Djava.util.logging.manager=org.apache.juli.ClassLoaderLogManager
09-Aug-2025 09:27:10.493 INFO [main] org.apache.catalina.startup.VersionLoggerListener.log Command line argument: -Djdk.tls.ephemeralDHKeySize=2048
09-Aug-2025 09:27:10.493 INFO [main] org.apache.catalina.startup.VersionLoggerListener.log Command line argument: -Djava.protocol.handler.pkgs=org.apache.catalina.webresources
09-Aug-2025 09:27:10.493 INFO [main] org.apache.catalina.startup.VersionLoggerListener.log Command line argument: -Dsun.io.useCanonCaches=false
09-Aug-2025 09:27:10.493 INFO [main] org.apache.catalina.startup.VersionLoggerListener.log Command line argument: -Dorg.apache.catalina.security.SecurityListener.UMASK=0027
09-Aug-2025 09:27:10.493 INFO [main] org.apache.catalina.startup.VersionLoggerListener.log Command line argument: --add-opens=java.base/java.lang=ALL-UNNAMED
09-Aug-2025 09:27:10.494 INFO [main] org.apache.catalina.startup.VersionLoggerListener.log Command line argument: --add-opens=java.base/java.lang.reflect=ALL-UNNAMED
09-Aug-2025 09:27:10.494 INFO [main] org.apache.catalina.startup.VersionLoggerListener.log Command line argument: --add-opens=java.base/java.io=ALL-UNNAMED
09-Aug-2025 09:27:10.494 INFO [main] org.apache.catalina.startup.VersionLoggerListener.log Command line argument: --add-opens=java.base/java.util=ALL-UNNAMED
09-Aug-2025 09:27:10.494 INFO [main] org.apache.catalina.startup.VersionLoggerListener.log Command line argument: --add-opens=java.base/java.util.concurrent=ALL-UNNAMED
09-Aug-2025 09:27:10.494 INFO [main] org.apache.catalina.startup.VersionLoggerListener.log Command line argument: --add-opens=java.rmi/sun.rmi.transport=ALL-UNNAMED
09-Aug-2025 09:27:10.494 INFO [main] org.apache.catalina.startup.VersionLoggerListener.log Command line argument: -Dcatalina.base=/home/spectrum/opt/tomcat10
09-Aug-2025 09:27:10.494 INFO [main] org.apache.catalina.startup.VersionLoggerListener.log Command line argument: -Dcatalina.home=/home/spectrum/opt/tomcat10
09-Aug-2025 09:27:10.494 INFO [main] org.apache.catalina.startup.VersionLoggerListener.log Command line argument: -Djava.io.tmpdir=/home/spectrum/opt/tomcat10/temp
09-Aug-2025 09:27:10.495 INFO [main] org.apache.catalina.core.AprLifecycleListener.lifecycleEvent The Apache Tomcat Native library which allows using OpenSSL was not found on the java.library.path: [/usr/java/packages/lib:/usr/lib/x86_64-linux-gnu/jni:/lib/x86_64-linux-gnu:/usr/lib/x86_64-linux-gnu:/usr/lib/jni:/lib:/usr/lib]
09-Aug-2025 09:27:10.693 INFO [main] org.apache.coyote.AbstractProtocol.init Initializing ProtocolHandler ["http-nio-8888"]
09-Aug-2025 09:27:10.708 INFO [main] org.apache.catalina.startup.Catalina.load Server initialization in [345] milliseconds
09-Aug-2025 09:27:10.737 INFO [main] org.apache.catalina.core.StandardService.startInternal Starting service [Catalina]
09-Aug-2025 09:27:10.737 INFO [main] org.apache.catalina.core.StandardEngine.startInternal Starting Servlet engine: [Apache Tomcat/10.1.43]
09-Aug-2025 09:27:10.751 INFO [main] org.apache.catalina.startup.HostConfig.deployWAR Deploying web application archive [/home/spectrum/opt/tomcat10/webapps/jenkins.war]
09-Aug-2025 09:27:12.643 INFO [main] org.apache.jasper.servlet.TldScanner.scanJars At least one JAR was scanned for TLDs yet contained no TLDs. Enable debug logging for this logger for a complete list of JARs that were scanned but no TLDs were found in them. Skipping unneeded JARs during scanning can improve startup time and JSP compilation time.
09-Aug-2025 09:27:12.935 INFO [main] hudson.WebAppMain.contextInitialized Jenkins home directory: /home/spectrum/.jenkins found at: $user.home/.jenkins
09-Aug-2025 09:27:13.013 INFO [main] org.apache.catalina.startup.HostConfig.deployWAR Deployment of web application archive [/home/spectrum/opt/tomcat10/webapps/jenkins.war] has finished in [2,262] ms
09-Aug-2025 09:27:13.014 INFO [main] org.apache.catalina.startup.HostConfig.deployDirectory Deploying web application directory [/home/spectrum/opt/tomcat10/webapps/docs]
09-Aug-2025 09:27:13.031 INFO [main] org.apache.catalina.startup.HostConfig.deployDirectory Deployment of web application directory [/home/spectrum/opt/tomcat10/webapps/docs] has finished in [17] ms
09-Aug-2025 09:27:13.031 INFO [main] org.apache.catalina.startup.HostConfig.deployDirectory Deploying web application directory [/home/spectrum/opt/tomcat10/webapps/ROOT]
09-Aug-2025 09:27:13.050 INFO [main] org.apache.catalina.startup.HostConfig.deployDirectory Deployment of web application directory [/home/spectrum/opt/tomcat10/webapps/ROOT] has finished in [19] ms
09-Aug-2025 09:27:13.050 INFO [main] org.apache.catalina.startup.HostConfig.deployDirectory Deploying web application directory [/home/spectrum/opt/tomcat10/webapps/host-manager]
09-Aug-2025 09:27:13.079 INFO [main] org.apache.catalina.startup.HostConfig.deployDirectory Deployment of web application directory [/home/spectrum/opt/tomcat10/webapps/host-manager] has finished in [29] ms
09-Aug-2025 09:27:13.079 INFO [main] org.apache.catalina.startup.HostConfig.deployDirectory Deploying web application directory [/home/spectrum/opt/tomcat10/webapps/examples]
09-Aug-2025 09:27:13.184 INFO [Jenkins initialization thread] jenkins.model.Jenkins.<init> Starting version 2.516.1
09-Aug-2025 09:27:13.248 INFO [main] org.apache.catalina.startup.HostConfig.deployDirectory Deployment of web application directory [/home/spectrum/opt/tomcat10/webapps/examples] has finished in [168] ms
09-Aug-2025 09:27:13.248 INFO [main] org.apache.catalina.startup.HostConfig.deployDirectory Deploying web application directory [/home/spectrum/opt/tomcat10/webapps/manager]
09-Aug-2025 09:27:13.266 INFO [main] org.apache.catalina.startup.HostConfig.deployDirectory Deployment of web application directory [/home/spectrum/opt/tomcat10/webapps/manager] has finished in [18] ms
09-Aug-2025 09:27:13.270 INFO [main] org.apache.coyote.AbstractProtocol.start Starting ProtocolHandler ["http-nio-8888"]
09-Aug-2025 09:27:13.274 INFO [pool-7-thread-3] jenkins.InitReactorRunner$1.onAttained Started initialization
09-Aug-2025 09:27:13.291 INFO [main] org.apache.catalina.startup.Catalina.start Server startup in [2581] milliseconds
09-Aug-2025 09:27:13.379 INFO [Loading plugins] jenkins.InitReactorRunner$1.onAttained Listed all plugins
09-Aug-2025 09:27:16.118 INFO [pool-7-thread-5] jenkins.InitReactorRunner$1.onAttained Prepared all plugins
09-Aug-2025 09:27:16.133 INFO [pool-7-thread-5] jenkins.InitReactorRunner$1.onAttained Started all plugins
09-Aug-2025 09:27:16.134 INFO [pool-7-thread-6] jenkins.InitReactorRunner$1.onAttained Augmented all extensions
09-Aug-2025 09:27:16.312 INFO [GitSCM.onLoaded] hudson.plugins.build_timeout.global.GlobalTimeOutConfiguration.load global timeout not set
09-Aug-2025 09:27:17.056 INFO [pool-7-thread-10] jenkins.InitReactorRunner$1.onAttained System config loaded
09-Aug-2025 09:27:17.056 INFO [pool-7-thread-10] jenkins.InitReactorRunner$1.onAttained System config adapted
09-Aug-2025 09:27:17.079 INFO [pool-7-thread-5] jenkins.InitReactorRunner$1.onAttained Loaded all jobs
09-Aug-2025 09:27:17.086 INFO [pool-7-thread-5] jenkins.InitReactorRunner$1.onAttained Configuration for all jobs updated
09-Aug-2025 09:27:17.110 INFO [pool-7-thread-4] jenkins.InitReactorRunner$1.onAttained Completed initialization
09-Aug-2025 09:27:17.134 INFO [Jenkins initialization thread] hudson.lifecycle.Lifecycle.onReady Jenkins is fully up and running
09-Aug-2025 12:45:58.245 INFO [Thread-2] org.apache.coyote.AbstractProtocol.pause Pausing ProtocolHandler ["http-nio-8888"]
09-Aug-2025 12:45:58.249 INFO [Thread-2] org.apache.catalina.core.StandardService.stopInternal Stopping service [Catalina]
09-Aug-2025 12:45:58.264 INFO [Thread-2] hudson.lifecycle.Lifecycle.onStatusUpdate Stopping Jenkins
09-Aug-2025 12:45:58.292 INFO [Thread-2] jenkins.model.Jenkins$17.onAttained Started termination
09-Aug-2025 12:45:58.296 INFO [Thread-2] hudson.plugins.build_timeout.global.Lifecycle.shutdown Shutdown complete - Global TimeOut ScheduledExecutorService had 0 tasks pending
09-Aug-2025 12:45:58.315 INFO [Thread-2] jenkins.model.Jenkins$17.onAttained Completed termination
09-Aug-2025 12:45:58.315 INFO [Thread-2] jenkins.model.Jenkins._cleanUpDisconnectComputers Starting node disconnection
09-Aug-2025 12:45:58.322 INFO [Thread-2] jenkins.model.Jenkins._cleanUpShutdownPluginManager Stopping plugin manager
09-Aug-2025 12:45:58.350 INFO [Thread-2] jenkins.model.Jenkins._cleanUpPersistQueue Persisting build queue
09-Aug-2025 12:45:58.355 INFO [Thread-2] jenkins.model.Jenkins._cleanUpAwaitDisconnects Waiting for node disconnection completion
09-Aug-2025 12:45:58.355 INFO [Thread-2] hudson.lifecycle.Lifecycle.onStatusUpdate Jenkins stopped
09-Aug-2025 12:45:58.357 WARNING [Thread-2] org.apache.catalina.loader.WebappClassLoaderBase.clearReferencesThreads The web application [jenkins] appears to have started a thread named [hudson.util.AtomicFileWriter.cleaner [#1]] but has failed to stop it. This is very likely to create a memory leak. Stack trace of thread:
 java.base/jdk.internal.misc.Unsafe.park(Native Method)
 java.base/java.util.concurrent.locks.LockSupport.parkNanos(LockSupport.java:269)
 java.base/java.util.concurrent.locks.AbstractQueuedSynchronizer$ConditionObject.await(AbstractQueuedSynchronizer.java:1852)
 java.base/java.lang.ref.ReferenceQueue.await(ReferenceQueue.java:71)
 java.base/java.lang.ref.ReferenceQueue.remove0(ReferenceQueue.java:143)
 java.base/java.lang.ref.ReferenceQueue.remove(ReferenceQueue.java:218)
 java.base/jdk.internal.ref.CleanerImpl.run(CleanerImpl.java:140)
 java.base/java.lang.Thread.run(Thread.java:1583)
09-Aug-2025 12:45:58.357 WARNING [Thread-2] org.apache.catalina.loader.WebappClassLoaderBase.clearReferencesThreads The web application [jenkins] appears to have started a thread named [Computer.threadPoolForRemoting [#1]] but has failed to stop it. This is very likely to create a memory leak. Stack trace of thread:
 java.base/jdk.internal.misc.Unsafe.park(Native Method)
 java.base/java.util.concurrent.locks.LockSupport.parkNanos(LockSupport.java:410)
 java.base/java.util.concurrent.LinkedTransferQueue$DualNode.await(LinkedTransferQueue.java:452)
 java.base/java.util.concurrent.SynchronousQueue$Transferer.xferLifo(SynchronousQueue.java:194)
 java.base/java.util.concurrent.SynchronousQueue.xfer(SynchronousQueue.java:235)
 java.base/java.util.concurrent.SynchronousQueue.poll(SynchronousQueue.java:338)
 java.base/java.util.concurrent.ThreadPoolExecutor.getTask(ThreadPoolExecutor.java:1069)
 java.base/java.util.concurrent.ThreadPoolExecutor.runWorker(ThreadPoolExecutor.java:1130)
 java.base/java.util.concurrent.ThreadPoolExecutor$Worker.run(ThreadPoolExecutor.java:642)
 java.base/java.lang.Thread.run(Thread.java:1583)
09-Aug-2025 12:45:58.357 WARNING [Thread-2] org.apache.catalina.loader.WebappClassLoaderBase.clearReferencesThreads The web application [jenkins] appears to have started a thread named [Computer.threadPoolForRemoting [#2]] but has failed to stop it. This is very likely to create a memory leak. Stack trace of thread:
 java.base/jdk.internal.misc.Unsafe.park(Native Method)
 java.base/java.util.concurrent.locks.LockSupport.parkNanos(LockSupport.java:410)
 java.base/java.util.concurrent.LinkedTransferQueue$DualNode.await(LinkedTransferQueue.java:452)
 java.base/java.util.concurrent.SynchronousQueue$Transferer.xferLifo(SynchronousQueue.java:194)
 java.base/java.util.concurrent.SynchronousQueue.xfer(SynchronousQueue.java:235)
 java.base/java.util.concurrent.SynchronousQueue.poll(SynchronousQueue.java:338)
 java.base/java.util.concurrent.ThreadPoolExecutor.getTask(ThreadPoolExecutor.java:1069)
 java.base/java.util.concurrent.ThreadPoolExecutor.runWorker(ThreadPoolExecutor.java:1130)
 java.base/java.util.concurrent.ThreadPoolExecutor$Worker.run(ThreadPoolExecutor.java:642)
 java.base/java.lang.Thread.run(Thread.java:1583)
09-Aug-2025 12:45:58.357 WARNING [Thread-2] org.apache.catalina.loader.WebappClassLoaderBase.clearReferencesThreads The web application [jenkins] appears to have started a thread named [Timeout.interruptions [#1]] but has failed to stop it. This is very likely to create a memory leak. Stack trace of thread:
 java.base/jdk.internal.misc.Unsafe.park(Native Method)
 java.base/java.util.concurrent.locks.LockSupport.parkNanos(LockSupport.java:269)
 java.base/java.util.concurrent.locks.AbstractQueuedSynchronizer$ConditionObject.awaitNanos(AbstractQueuedSynchronizer.java:1763)
 java.base/java.util.concurrent.ScheduledThreadPoolExecutor$DelayedWorkQueue.take(ScheduledThreadPoolExecutor.java:1182)
 java.base/java.util.concurrent.ScheduledThreadPoolExecutor$DelayedWorkQueue.take(ScheduledThreadPoolExecutor.java:899)
 java.base/java.util.concurrent.ThreadPoolExecutor.getTask(ThreadPoolExecutor.java:1070)
 java.base/java.util.concurrent.ThreadPoolExecutor.runWorker(ThreadPoolExecutor.java:1130)
 java.base/java.util.concurrent.ThreadPoolExecutor$Worker.run(ThreadPoolExecutor.java:642)
 java.base/java.lang.Thread.run(Thread.java:1583)
09-Aug-2025 12:45:58.357 WARNING [Thread-2] org.apache.catalina.loader.WebappClassLoaderBase.clearReferencesThreads The web application [jenkins] appears to have started a thread named [Computer.threadPoolForRemoting [#3]] but has failed to stop it. This is very likely to create a memory leak. Stack trace of thread:
 java.base/jdk.internal.misc.Unsafe.park(Native Method)
 java.base/java.util.concurrent.locks.LockSupport.parkNanos(LockSupport.java:410)
 java.base/java.util.concurrent.LinkedTransferQueue$DualNode.await(LinkedTransferQueue.java:452)
 java.base/java.util.concurrent.SynchronousQueue$Transferer.xferLifo(SynchronousQueue.java:194)
 java.base/java.util.concurrent.SynchronousQueue.xfer(SynchronousQueue.java:235)
 java.base/java.util.concurrent.SynchronousQueue.poll(SynchronousQueue.java:338)
 java.base/java.util.concurrent.ThreadPoolExecutor.getTask(ThreadPoolExecutor.java:1069)
 java.base/java.util.concurrent.ThreadPoolExecutor.runWorker(ThreadPoolExecutor.java:1130)
 java.base/java.util.concurrent.ThreadPoolExecutor$Worker.run(ThreadPoolExecutor.java:642)
 java.base/java.lang.Thread.run(Thread.java:1583)
09-Aug-2025 12:45:58.358 SEVERE [Thread-2] org.apache.catalina.loader.WebappClassLoaderBase.checkThreadLocalMapForLeaks The web application [jenkins] created a ThreadLocal with key of type [java.lang.ThreadLocal] (value [java.lang.ThreadLocal@67d2e928]) and a value of type [org.springframework.security.core.context.ThreadLocalSecurityContextHolderStrategy$$Lambda/0x00007fb95822bff8] (value [org.springframework.security.core.context.ThreadLocalSecurityContextHolderStrategy$$Lambda/0x00007fb95822bff8@4df8c262]) but failed to remove it when the web application was stopped. Threads are going to be renewed over time to try and avoid a probable memory leak.
09-Aug-2025 12:45:58.358 SEVERE [Thread-2] org.apache.catalina.loader.WebappClassLoaderBase.checkThreadLocalMapForLeaks The web application [jenkins] created a ThreadLocal with key of type [java.lang.ThreadLocal] (value [java.lang.ThreadLocal@67d2e928]) and a value of type [org.springframework.security.core.context.ThreadLocalSecurityContextHolderStrategy$$Lambda/0x00007fb95822bff8] (value [org.springframework.security.core.context.ThreadLocalSecurityContextHolderStrategy$$Lambda/0x00007fb95822bff8@95b56e9]) but failed to remove it when the web application was stopped. Threads are going to be renewed over time to try and avoid a probable memory leak.
09-Aug-2025 12:45:58.358 SEVERE [Thread-2] org.apache.catalina.loader.WebappClassLoaderBase.checkThreadLocalMapForLeaks The web application [jenkins] created a ThreadLocal with key of type [java.lang.ThreadLocal] (value [java.lang.ThreadLocal@67d2e928]) and a value of type [org.springframework.security.core.context.ThreadLocalSecurityContextHolderStrategy$$Lambda/0x00007fb95822bff8] (value [org.springframework.security.core.context.ThreadLocalSecurityContextHolderStrategy$$Lambda/0x00007fb95822bff8@6e9db99c]) but failed to remove it when the web application was stopped. Threads are going to be renewed over time to try and avoid a probable memory leak.
09-Aug-2025 12:45:58.358 SEVERE [Thread-2] org.apache.catalina.loader.WebappClassLoaderBase.checkThreadLocalMapForLeaks The web application [jenkins] created a ThreadLocal with key of type [java.lang.ThreadLocal] (value [java.lang.ThreadLocal@67d2e928]) and a value of type [org.springframework.security.core.context.ThreadLocalSecurityContextHolderStrategy$$Lambda/0x00007fb95822bff8] (value [org.springframework.security.core.context.ThreadLocalSecurityContextHolderStrategy$$Lambda/0x00007fb95822bff8@1ef686ce]) but failed to remove it when the web application was stopped. Threads are going to be renewed over time to try and avoid a probable memory leak.
09-Aug-2025 12:45:58.367 INFO [Thread-2] org.apache.coyote.AbstractProtocol.stop Stopping ProtocolHandler ["http-nio-8888"]
09-Aug-2025 12:45:58.375 INFO [Thread-2] org.apache.coyote.AbstractProtocol.destroy Destroying ProtocolHandler ["http-nio-8888"]
